[0m21:50:29.954892 [debug] [MainThread]: Sending event: {'category': 'dbt', 'action': 'invocation', 'label': 'start', 'context': [<snowplow_tracker.self_describing_json.SelfDescribingJson object at 0x0000022CB410C680>, <snowplow_tracker.self_describing_json.SelfDescribingJson object at 0x0000022CB6583AA0>, <snowplow_tracker.self_describing_json.SelfDescribingJson object at 0x0000022CB6582900>]}


============================== 21:50:30.267372 | 175d7e91-7de2-43c0-b349-e335e80ddf9b ==============================
[0m21:50:30.267372 [info ] [MainThread]: Running with dbt=1.11.11
[0m21:50:30.267372 [debug] [MainThread]: running dbt with arguments {'version_check': 'True', 'no_print': 'None', 'static_parser': 'True', 'target_path': 'None', 'warn_error_options': 'WarnErrorOptionsV2(error=[], warn=[], silence=[])', 'printer_width': '80', 'write_json': 'True', 'empty': 'None', 'log_cache_events': 'False', 'introspect': 'True', 'cache_selected_only': 'False', 'log_format': 'default', 'debug': 'False', 'fail_fast': 'False', 'partial_parse': 'True', 'send_anonymous_usage_stats': 'True', 'quiet': 'False', 'warn_error': 'None', 'profiles_dir': 'C:\\Users\\fdani\\.dbt', 'use_colors': 'True', 'invocation_command': 'dbt init', 'indirect_selection': 'eager', 'use_experimental_parser': 'False', 'log_path': 'logs'}
[0m21:50:45.784228 [debug] [MainThread]: Starter project path: C:\Users\fdani\project_aws_clima\.venv\Lib\site-packages\dbt\include\starter_project
[0m21:50:45.852414 [info ] [MainThread]: 
Your new dbt project "climabr" was created!

For more information on how to configure the profiles.yml file,
please consult the dbt documentation here:

  https://docs.getdbt.com/docs/configure-your-profile

One more thing:

Need help? Don't hesitate to reach out to us via GitHub issues or on Slack:

  https://community.getdbt.com/

Happy modeling!

[0m21:50:45.852414 [info ] [MainThread]: Setting up your profile.
[0m21:52:40.608081 [info ] [MainThread]: Profile climabr written to C:\Users\fdani\.dbt\profiles.yml using target's profile_template.yml and your supplied values. Run 'dbt debug' to validate the connection.
[0m21:52:40.617299 [debug] [MainThread]: Command `dbt init` succeeded at 21:52:40.617299 after 131.13 seconds
[0m21:52:40.617299 [debug] [MainThread]: Sending event: {'category': 'dbt', 'action': 'invocation', 'label': 'end', 'context': [<snowplow_tracker.self_describing_json.SelfDescribingJson object at 0x0000022CB8372B10>, <snowplow_tracker.self_describing_json.SelfDescribingJson object at 0x0000022CB6CE3D40>, <snowplow_tracker.self_describing_json.SelfDescribingJson object at 0x0000022CB8423440>]}
[0m21:52:40.617299 [debug] [MainThread]: Flushing usage events
[0m21:52:41.939091 [debug] [MainThread]: An error was encountered while trying to flush usage events
[0m21:53:17.911451 [debug] [MainThread]: Sending event: {'category': 'dbt', 'action': 'invocation', 'label': 'start', 'context': [<snowplow_tracker.self_describing_json.SelfDescribingJson object at 0x000001D527604170>, <snowplow_tracker.self_describing_json.SelfDescribingJson object at 0x000001D5286C8B90>, <snowplow_tracker.self_describing_json.SelfDescribingJson object at 0x000001D5283DE7E0>]}


============================== 21:53:17.927096 | cd25466d-c3bb-4581-aeb8-8c55294d6734 ==============================
[0m21:53:17.927096 [info ] [MainThread]: Running with dbt=1.11.11
[0m21:53:17.927096 [debug] [MainThread]: running dbt with arguments {'static_parser': 'True', 'no_print': 'None', 'version_check': 'True', 'target_path': 'None', 'warn_error_options': 'WarnErrorOptionsV2(error=[], warn=[], silence=[])', 'printer_width': '80', 'write_json': 'True', 'empty': 'None', 'log_cache_events': 'False', 'introspect': 'True', 'cache_selected_only': 'False', 'fail_fast': 'False', 'debug': 'False', 'log_format': 'default', 'partial_parse': 'True', 'send_anonymous_usage_stats': 'True', 'quiet': 'False', 'warn_error': 'None', 'profiles_dir': 'C:\\Users\\fdani\\.dbt', 'indirect_selection': 'eager', 'use_colors': 'True', 'invocation_command': 'dbt debug', 'use_experimental_parser': 'False', 'log_path': 'logs'}
[0m21:53:18.046656 [info ] [MainThread]: dbt version: 1.11.11
[0m21:53:18.046656 [info ] [MainThread]: python version: 3.12.10
[0m21:53:18.046656 [info ] [MainThread]: python path: C:\Users\fdani\project_aws_clima\.venv\Scripts\python.exe
[0m21:53:18.046656 [info ] [MainThread]: os info: Windows-10-10.0.19045-SP0
[0m21:53:19.213485 [info ] [MainThread]: Error importing adapter: No module named 'dbt.adapters.postgres'
[0m21:53:19.213485 [info ] [MainThread]: Using profiles dir at C:\Users\fdani\.dbt
[0m21:53:19.213485 [info ] [MainThread]: Using profiles.yml file at C:\Users\fdani\.dbt\profiles.yml
[0m21:53:19.213485 [info ] [MainThread]: Using dbt_project.yml file at C:\Users\fdani\project_aws_clima\dbt_project.yml
[0m21:53:19.226259 [info ] [MainThread]: Configuration:
[0m21:53:19.228873 [info ] [MainThread]:   profiles.yml file [[31mERROR invalid[0m]
[0m21:53:19.237418 [info ] [MainThread]:   dbt_project.yml file [[31mERROR not found[0m]
[0m21:53:19.240415 [info ] [MainThread]: Required dependencies:
[0m21:53:19.242413 [debug] [MainThread]: Executing "git --help"
[0m21:53:19.396352 [debug] [MainThread]: STDOUT: "b"usage: git [-v | --version] [-h | --help] [-C <path>] [-c <name>=<value>]\n           [--exec-path[=<path>]] [--html-path] [--man-path] [--info-path]\n           [-p | --paginate | -P | --no-pager] [--no-replace-objects] [--no-lazy-fetch]\n           [--no-optional-locks] [--no-advice] [--bare] [--git-dir=<path>]\n           [--work-tree=<path>] [--namespace=<name>] [--config-env=<name>=<envvar>]\n           <command> [<args>]\n\nThese are common Git commands used in various situations:\n\nstart a working area (see also: git help tutorial)\n   clone      Clone a repository into a new directory\n   init       Create an empty Git repository or reinitialize an existing one\n\nwork on the current change (see also: git help everyday)\n   add        Add file contents to the index\n   mv         Move or rename a file, a directory, or a symlink\n   restore    Restore working tree files\n   rm         Remove files from the working tree and from the index\n\nexamine the history and state (see also: git help revisions)\n   bisect     Use binary search to find the commit that introduced a bug\n   diff       Show changes between commits, commit and working tree, etc\n   grep       Print lines matching a pattern\n   log        Show commit logs\n   show       Show various types of objects\n   status     Show the working tree status\n\ngrow, mark and tweak your common history\n   backfill   Download missing objects in a partial clone\n   branch     List, create, or delete branches\n   commit     Record changes to the repository\n   merge      Join two or more development histories together\n   rebase     Reapply commits on top of another base tip\n   reset      Reset current HEAD to the specified state\n   switch     Switch branches\n   tag        Create, list, delete or verify tags\n\ncollaborate (see also: git help workflows)\n   fetch      Download objects and refs from another repository\n   pull       Fetch from and integrate with another repository or a local branch\n   push       Update remote refs along with associated objects\n\n'git help -a' and 'git help -g' list available subcommands and some\nconcept guides. See 'git help <command>' or 'git help <concept>'\nto read about a specific subcommand or concept.\nSee 'git help git' for an overview of the system.\n""
[0m21:53:19.396352 [debug] [MainThread]: STDERR: "b''"
[0m21:53:19.396352 [info ] [MainThread]:  - git [[32mOK found[0m]

[0m21:53:19.396352 [info ] [MainThread]: Connection test skipped since no profile was found
[0m21:53:19.411977 [info ] [MainThread]: [31m2 checks failed:[0m
[0m21:53:19.417293 [info ] [MainThread]: Could not load dbt_project.yml
Profile loading failed for the following reason:
Runtime Error
  Credentials in profile "shoesbr", target "dev" invalid: Runtime Error
    Could not find adapter type postgres!


[0m21:53:19.426193 [info ] [MainThread]: Project loading failed for the following reason:
 project path <C:\Users\fdani\project_aws_clima\dbt_project.yml> not found

[0m21:53:19.441389 [debug] [MainThread]: Command `dbt debug` failed at 21:53:19.440388 after 1.89 seconds
[0m21:53:19.443499 [debug] [MainThread]: Sending event: {'category': 'dbt', 'action': 'invocation', 'label': 'end', 'context': [<snowplow_tracker.self_describing_json.SelfDescribingJson object at 0x000001D5287047A0>, <snowplow_tracker.self_describing_json.SelfDescribingJson object at 0x000001D52846D9A0>, <snowplow_tracker.self_describing_json.SelfDescribingJson object at 0x000001D52846C590>]}
[0m21:53:19.445563 [debug] [MainThread]: Flushing usage events
[0m21:53:20.685280 [debug] [MainThread]: An error was encountered while trying to flush usage events
